<?xml version="1.0" encoding="UTF-8"?>
<!-- Generated by org.testng.reporters.JUnitXMLReporter -->
<testsuite ignored="0" hostname="Nikitha-Laptop2024" failures="1" tests="16" name="Test" time="21.694" errors="0" timestamp="2023-12-10T19:17:11 IST">
  <testcase classname="Tests.NewTest" name="LaunchURL" time="8.439"/>
  <testcase classname="Tests.NewTest" name="blackScreenCheck" time="1.83"/>
  <testcase classname="Tests.NewTest" name="CloseBlackScreen" time="0.437"/>
  <testcase classname="Tests.NewTest" name="Location" time="1.489">
    <failure type="org.openqa.selenium.StaleElementReferenceException" message="stale element reference: stale element not found
  (Session info: MicrosoftEdge=120.0.2210.61)
For documentation on this error, please visit: https://www.selenium.dev/documentation/webdriver/troubleshooting/errors#stale-element-reference-exception
Build info: version: &amp;apos;4.12.1&amp;apos;, revision: &amp;apos;8e34639b11&amp;apos;
System info: os.name: &amp;apos;Windows 11&amp;apos;, os.arch: &amp;apos;amd64&amp;apos;, os.version: &amp;apos;10.0&amp;apos;, java.version: &amp;apos;21.0.1&amp;apos;
Driver info: org.openqa.selenium.edge.EdgeDriver
Command: [a1dfb7c689f80dfb01d6cc5f5caa2788, sendKeysToElement {id=161998C42C80FAA73A3C373712381D54_element_15, value=[Ljava.lang.CharSequence;@3ece79fe}]
Capabilities {acceptInsecureCerts: false, browserName: MicrosoftEdge, browserVersion: 120.0.2210.61, fedcm:accounts: true, ms:edgeOptions: {debuggerAddress: localhost:49204}, msedge: {msedgedriverVersion: 120.0.2210.61 (50ab4bd76cf1..., userDataDir: C:\Users\Nikitha\AppData\Lo...}, networkConnectionEnabled: false, pageLoadStrategy: normal, platformName: windows, proxy: Proxy(), se:cdp: ws://localhost:49204/devtoo..., se:cdpVersion: 120.0.2210.61, setWindowRect: true, strictFileInteractability: false, timeouts: {implicit: 0, pageLoad: 300000, script: 30000}, unhandledPromptBehavior: dismiss and notify, webauthn:extension:credBlob: true, webauthn:extension:largeBlob: true, webauthn:extension:minPinLength: true, webauthn:extension:prf: true, webauthn:virtualAuthenticators: true}
Element: [[EdgeDriver: MicrosoftEdge on windows (a1dfb7c689f80dfb01d6cc5f5caa2788)] -&amp;gt; xpath: //input[@placeholder=&amp;apos;Enter your location for delivery&amp;apos;]]
Session ID: a1dfb7c689f80dfb01d6cc5f5caa2788">
      <![CDATA[org.openqa.selenium.StaleElementReferenceException: stale element reference: stale element not found
  (Session info: MicrosoftEdge=120.0.2210.61)
For documentation on this error, please visit: https://www.selenium.dev/documentation/webdriver/troubleshooting/errors#stale-element-reference-exception
Build info: version: '4.12.1', revision: '8e34639b11'
System info: os.name: 'Windows 11', os.arch: 'amd64', os.version: '10.0', java.version: '21.0.1'
Driver info: org.openqa.selenium.edge.EdgeDriver
Command: [a1dfb7c689f80dfb01d6cc5f5caa2788, sendKeysToElement {id=161998C42C80FAA73A3C373712381D54_element_15, value=[Ljava.lang.CharSequence;@3ece79fe}]
Capabilities {acceptInsecureCerts: false, browserName: MicrosoftEdge, browserVersion: 120.0.2210.61, fedcm:accounts: true, ms:edgeOptions: {debuggerAddress: localhost:49204}, msedge: {msedgedriverVersion: 120.0.2210.61 (50ab4bd76cf1..., userDataDir: C:\Users\Nikitha\AppData\Lo...}, networkConnectionEnabled: false, pageLoadStrategy: normal, platformName: windows, proxy: Proxy(), se:cdp: ws://localhost:49204/devtoo..., se:cdpVersion: 120.0.2210.61, setWindowRect: true, strictFileInteractability: false, timeouts: {implicit: 0, pageLoad: 300000, script: 30000}, unhandledPromptBehavior: dismiss and notify, webauthn:extension:credBlob: true, webauthn:extension:largeBlob: true, webauthn:extension:minPinLength: true, webauthn:extension:prf: true, webauthn:virtualAuthenticators: true}
Element: [[EdgeDriver: MicrosoftEdge on windows (a1dfb7c689f80dfb01d6cc5f5caa2788)] -> xpath: //input[@placeholder='Enter your location for delivery']]
Session ID: a1dfb7c689f80dfb01d6cc5f5caa2788
at org.openqa.selenium.remote.codec.w3c.W3CHttpResponseCodec.createException(W3CHttpResponseCodec.java:200)
at org.openqa.selenium.remote.codec.w3c.W3CHttpResponseCodec.decode(W3CHttpResponseCodec.java:133)
at org.openqa.selenium.remote.codec.w3c.W3CHttpResponseCodec.decode(W3CHttpResponseCodec.java:52)
at org.openqa.selenium.remote.HttpCommandExecutor.execute(HttpCommandExecutor.java:191)
at org.openqa.selenium.remote.service.DriverCommandExecutor.invokeExecute(DriverCommandExecutor.java:196)
at org.openqa.selenium.remote.service.DriverCommandExecutor.execute(DriverCommandExecutor.java:171)
at org.openqa.selenium.remote.RemoteWebDriver.execute(RemoteWebDriver.java:602)
at org.openqa.selenium.remote.RemoteWebElement.execute(RemoteWebElement.java:224)
at org.openqa.selenium.remote.RemoteWebElement.sendKeys(RemoteWebElement.java:111)
at Methods.LaunchPageFunctions.Location(LaunchPageFunctions.java:61)
at Tests.NewTest.Location(NewTest.java:52)
at java.base/java.util.ArrayList.forEach(ArrayList.java:1596)
... Removed 28 stack frames]]>
    </failure>
  </testcase> <!-- Location -->
  <testcase classname="Tests.NewTest" name="verifyURLDeals" time="0.252"/>
  <testcase classname="Tests.NewTest" name="selectSidesTab" time="1.855"/>
  <testcase classname="Tests.NewTest" name="selectDrinksTab" time="1.557"/>
  <testcase classname="Tests.NewTest" name="checkout" time="0.698"/>
  <testcase classname="Tests.NewTest" name="onlinePayment" time="0.055"/>
  <testcase classname="Tests.NewTest" name="cashPayment" time="0.201"/>
  <testcase classname="Tests.NewTest" name="agreeCheck" time="0.054"/>
  <testcase classname="Tests.NewTest" name="checkoutDetails" time="1.625"/>
  <testcase classname="Tests.NewTest" name="GiftcardPopUp" time="0.198"/>
  <testcase classname="Tests.NewTest" name="Voucher" time="1.235"/>
  <testcase classname="Tests.NewTest" name="closePopUp" time="0.158"/>
  <testcase classname="Tests.NewTest" name="verifyBasketPage" time="0.051"/>
</testsuite> <!-- Test -->
