<html>
<head>
<title>TestNG:  Test</title>
<link href="../testng.css" rel="stylesheet" type="text/css" />
<link href="../my-testng.css" rel="stylesheet" type="text/css" />

<style type="text/css">
.log { display: none;} 
.stack-trace { display: none;} 
</style>
<script type="text/javascript">
<!--
function flip(e) {
  current = e.style.display;
  if (current == 'block') {
    e.style.display = 'none';
    return 0;
  }
  else {
    e.style.display = 'block';
    return 1;
  }
}

function toggleBox(szDivId, elem, msg1, msg2)
{
  var res = -1;  if (document.getElementById) {
    res = flip(document.getElementById(szDivId));
  }
  else if (document.all) {
    // this is the way old msie versions work
    res = flip(document.all[szDivId]);
  }
  if(elem) {
    if(res == 0) elem.innerHTML = msg1; else elem.innerHTML = msg2;
  }

}

function toggleAllBoxes() {
  if (document.getElementsByTagName) {
    d = document.getElementsByTagName('div');
    for (i = 0; i < d.length; i++) {
      if (d[i].className == 'log') {
        flip(d[i]);
      }
    }
  }
}

// -->
</script>

</head>
<body>
<h2 align='center'>Test</h2><table border='1' align="center">
<tr>
<td>Tests passed/Failed/Skipped:</td><td>15/1/0</td>
</tr><tr>
<td>Started on:</td><td>Sun Dec 10 19:16:49 IST 2023</td>
</tr>
<tr><td>Total time:</td><td>21 seconds (21694 ms)</td>
</tr><tr>
<td>Included groups:</td><td></td>
</tr><tr>
<td>Excluded groups:</td><td></td>
</tr>
</table><p/>
<small><i>(Hover the method name to see the test class name)</i></small><p/>
<table width='100%' border='1' class='invocation-failed'>
<tr><td colspan='4' align='center'><b>FAILED TESTS</b></td></tr>
<tr><td><b>Test method</b></td>
<td><b>Attribute(s)</b></td>
<td width="30%"><b>Exception</b></td>
<td width="10%"><b>Time (seconds)</b></td>
<td><b>Instance</b></td>
</tr>
<tr>
<td title='Tests.NewTest.Location()'><b>Location</b><br>Test class: Tests.NewTest</td>
<td><div><pre>org.openqa.selenium.StaleElementReferenceException: stale element reference: stale element not found
  (Session info: MicrosoftEdge=120.0.2210.61)
For documentation on this error, please visit: https://www.selenium.dev/documentation/webdriver/troubleshooting/errors#stale-element-reference-exception
Build info: version: &apos;4.12.1&apos;, revision: &apos;8e34639b11&apos;
System info: os.name: &apos;Windows 11&apos;, os.arch: &apos;amd64&apos;, os.version: &apos;10.0&apos;, java.version: &apos;21.0.1&apos;
Driver info: org.openqa.selenium.edge.EdgeDriver
Command: [a1dfb7c689f80dfb01d6cc5f5caa2788, sendKeysToElement {id=161998C42C80FAA73A3C373712381D54_element_15, value=[Ljava.lang.CharSequence;@3ece79fe}]
Capabilities {acceptInsecureCerts: false, browserName: MicrosoftEdge, browserVersion: 120.0.2210.61, fedcm:accounts: true, ms:edgeOptions: {debuggerAddress: localhost:49204}, msedge: {msedgedriverVersion: 120.0.2210.61 (50ab4bd76cf1..., userDataDir: C:\Users\Nikitha\AppData\Lo...}, networkConnectionEnabled: false, pageLoadStrategy: normal, platformName: windows, proxy: Proxy(), se:cdp: ws://localhost:49204/devtoo..., se:cdpVersion: 120.0.2210.61, setWindowRect: true, strictFileInteractability: false, timeouts: {implicit: 0, pageLoad: 300000, script: 30000}, unhandledPromptBehavior: dismiss and notify, webauthn:extension:credBlob: true, webauthn:extension:largeBlob: true, webauthn:extension:minPinLength: true, webauthn:extension:prf: true, webauthn:virtualAuthenticators: true}
Element: [[EdgeDriver: MicrosoftEdge on windows (a1dfb7c689f80dfb01d6cc5f5caa2788)] -&gt; xpath: //input[@placeholder=&apos;Enter your location for delivery&apos;]]
Session ID: a1dfb7c689f80dfb01d6cc5f5caa2788
	at org.openqa.selenium.remote.codec.w3c.W3CHttpResponseCodec.createException(W3CHttpResponseCodec.java:200)
	at org.openqa.selenium.remote.codec.w3c.W3CHttpResponseCodec.decode(W3CHttpResponseCodec.java:133)
	at org.openqa.selenium.remote.codec.w3c.W3CHttpResponseCodec.decode(W3CHttpResponseCodec.java:52)
	at org.openqa.selenium.remote.HttpCommandExecutor.execute(HttpCommandExecutor.java:191)
	at org.openqa.selenium.remote.service.DriverCommandExecutor.invokeExecute(DriverCommandExecutor.java:196)
	at org.openqa.selenium.remote.service.DriverCommandExecutor.execute(DriverCommandExecutor.java:171)
	at org.openqa.selenium.remote.RemoteWebDriver.execute(RemoteWebDriver.java:602)
	at org.openqa.selenium.remote.RemoteWebElement.execute(RemoteWebElement.java:224)
	at org.openqa.selenium.remote.RemoteWebElement.sendKeys(RemoteWebElement.java:111)
	at Methods.LaunchPageFunctions.Location(LaunchPageFunctions.java:61)
	at Tests.NewTest.Location(NewTest.java:52)
	at java.base/java.util.ArrayList.forEach(ArrayList.java:1596)
... Removed 28 stack frames</pre></div><a href='#' onClick='toggleBox("stack-trace1215456927", this, "Click to show all stack frames", "Click to hide stack frames")'>Click to show all stack frames</a>
<div class='stack-trace' id='stack-trace1215456927'><pre>org.openqa.selenium.StaleElementReferenceException: stale element reference: stale element not found
  (Session info: MicrosoftEdge=120.0.2210.61)
For documentation on this error, please visit: https://www.selenium.dev/documentation/webdriver/troubleshooting/errors#stale-element-reference-exception
Build info: version: &apos;4.12.1&apos;, revision: &apos;8e34639b11&apos;
System info: os.name: &apos;Windows 11&apos;, os.arch: &apos;amd64&apos;, os.version: &apos;10.0&apos;, java.version: &apos;21.0.1&apos;
Driver info: org.openqa.selenium.edge.EdgeDriver
Command: [a1dfb7c689f80dfb01d6cc5f5caa2788, sendKeysToElement {id=161998C42C80FAA73A3C373712381D54_element_15, value=[Ljava.lang.CharSequence;@3ece79fe}]
Capabilities {acceptInsecureCerts: false, browserName: MicrosoftEdge, browserVersion: 120.0.2210.61, fedcm:accounts: true, ms:edgeOptions: {debuggerAddress: localhost:49204}, msedge: {msedgedriverVersion: 120.0.2210.61 (50ab4bd76cf1..., userDataDir: C:\Users\Nikitha\AppData\Lo...}, networkConnectionEnabled: false, pageLoadStrategy: normal, platformName: windows, proxy: Proxy(), se:cdp: ws://localhost:49204/devtoo..., se:cdpVersion: 120.0.2210.61, setWindowRect: true, strictFileInteractability: false, timeouts: {implicit: 0, pageLoad: 300000, script: 30000}, unhandledPromptBehavior: dismiss and notify, webauthn:extension:credBlob: true, webauthn:extension:largeBlob: true, webauthn:extension:minPinLength: true, webauthn:extension:prf: true, webauthn:virtualAuthenticators: true}
Element: [[EdgeDriver: MicrosoftEdge on windows (a1dfb7c689f80dfb01d6cc5f5caa2788)] -&gt; xpath: //input[@placeholder=&apos;Enter your location for delivery&apos;]]
Session ID: a1dfb7c689f80dfb01d6cc5f5caa2788
	at java.base/jdk.internal.reflect.DirectConstructorHandleAccessor.newInstance(DirectConstructorHandleAccessor.java:62)
	at java.base/java.lang.reflect.Constructor.newInstanceWithCaller(Constructor.java:502)
	at java.base/java.lang.reflect.Constructor.newInstance(Constructor.java:486)
	at org.openqa.selenium.remote.codec.w3c.W3CHttpResponseCodec.createException(W3CHttpResponseCodec.java:200)
	at org.openqa.selenium.remote.codec.w3c.W3CHttpResponseCodec.decode(W3CHttpResponseCodec.java:133)
	at org.openqa.selenium.remote.codec.w3c.W3CHttpResponseCodec.decode(W3CHttpResponseCodec.java:52)
	at org.openqa.selenium.remote.HttpCommandExecutor.execute(HttpCommandExecutor.java:191)
	at org.openqa.selenium.remote.service.DriverCommandExecutor.invokeExecute(DriverCommandExecutor.java:196)
	at org.openqa.selenium.remote.service.DriverCommandExecutor.execute(DriverCommandExecutor.java:171)
	at org.openqa.selenium.remote.RemoteWebDriver.execute(RemoteWebDriver.java:602)
	at org.openqa.selenium.remote.RemoteWebElement.execute(RemoteWebElement.java:224)
	at org.openqa.selenium.remote.RemoteWebElement.sendKeys(RemoteWebElement.java:111)
	at Methods.LaunchPageFunctions.Location(LaunchPageFunctions.java:61)
	at Tests.NewTest.Location(NewTest.java:52)
	at java.base/jdk.internal.reflect.DirectMethodHandleAccessor.invoke(DirectMethodHandleAccessor.java:103)
	at java.base/java.lang.reflect.Method.invoke(Method.java:580)
	at org.testng.internal.invokers.MethodInvocationHelper.invokeMethod(MethodInvocationHelper.java:139)
	at org.testng.internal.invokers.TestInvoker.invokeMethod(TestInvoker.java:664)
	at org.testng.internal.invokers.TestInvoker.invokeTestMethod(TestInvoker.java:227)
	at org.testng.internal.invokers.MethodRunner.runInSequence(MethodRunner.java:50)
	at org.testng.internal.invokers.TestInvoker$MethodInvocationAgent.invoke(TestInvoker.java:957)
	at org.testng.internal.invokers.TestInvoker.invokeTestMethods(TestInvoker.java:200)
	at org.testng.internal.invokers.TestMethodWorker.invokeTestMethods(TestMethodWorker.java:148)
	at org.testng.internal.invokers.TestMethodWorker.run(TestMethodWorker.java:128)
	at java.base/java.util.ArrayList.forEach(ArrayList.java:1596)
	at org.testng.TestRunner.privateRun(TestRunner.java:848)
	at org.testng.TestRunner.run(TestRunner.java:621)
	at org.testng.SuiteRunner.runTest(SuiteRunner.java:443)
	at org.testng.SuiteRunner.runSequentially(SuiteRunner.java:437)
	at org.testng.SuiteRunner.privateRun(SuiteRunner.java:397)
	at org.testng.SuiteRunner.run(SuiteRunner.java:336)
	at org.testng.SuiteRunnerWorker.runSuite(SuiteRunnerWorker.java:52)
	at org.testng.SuiteRunnerWorker.run(SuiteRunnerWorker.java:95)
	at org.testng.TestNG.runSuitesSequentially(TestNG.java:1280)
	at org.testng.TestNG.runSuitesLocally(TestNG.java:1200)
	at org.testng.TestNG.runSuites(TestNG.java:1114)
	at org.testng.TestNG.run(TestNG.java:1082)
	at org.testng.remote.AbstractRemoteTestNG.run(AbstractRemoteTestNG.java:115)
	at org.testng.remote.RemoteTestNG.initAndRun(RemoteTestNG.java:251)
	at org.testng.remote.RemoteTestNG.main(RemoteTestNG.java:77)
</pre></div></td>
<td>1</td>
<td>Tests.NewTest@4879dfad</td></tr>
</table><p>
<table width='100%' border='1' class='invocation-passed'>
<tr><td colspan='4' align='center'><b>PASSED TESTS</b></td></tr>
<tr><td><b>Test method</b></td>
<td><b>Attribute(s)</b></td>
<td width="30%"><b>Exception</b></td>
<td width="10%"><b>Time (seconds)</b></td>
<td><b>Instance</b></td>
</tr>
<tr>
<td title='Tests.NewTest.closePopUp()'><b>closePopUp</b><br>Test class: Tests.NewTest</td>
<td></td>
<td>0</td>
<td>Tests.NewTest@4879dfad</td></tr>
<tr>
<td title='Tests.NewTest.blackScreenCheck()'><b>blackScreenCheck</b><br>Test class: Tests.NewTest</td>
<td></td>
<td>1</td>
<td>Tests.NewTest@4879dfad</td></tr>
<tr>
<td title='Tests.NewTest.verifyBasketPage()'><b>verifyBasketPage</b><br>Test class: Tests.NewTest</td>
<td></td>
<td>0</td>
<td>Tests.NewTest@4879dfad</td></tr>
<tr>
<td title='Tests.NewTest.CloseBlackScreen()'><b>CloseBlackScreen</b><br>Test class: Tests.NewTest</td>
<td></td>
<td>0</td>
<td>Tests.NewTest@4879dfad</td></tr>
<tr>
<td title='Tests.NewTest.GiftcardPopUp()'><b>GiftcardPopUp</b><br>Test class: Tests.NewTest</td>
<td></td>
<td>0</td>
<td>Tests.NewTest@4879dfad</td></tr>
<tr>
<td title='Tests.NewTest.verifyURLDeals()'><b>verifyURLDeals</b><br>Test class: Tests.NewTest</td>
<td></td>
<td>0</td>
<td>Tests.NewTest@4879dfad</td></tr>
<tr>
<td title='Tests.NewTest.selectDrinksTab()'><b>selectDrinksTab</b><br>Test class: Tests.NewTest</td>
<td></td>
<td>1</td>
<td>Tests.NewTest@4879dfad</td></tr>
<tr>
<td title='Tests.NewTest.LaunchURL()'><b>LaunchURL</b><br>Test class: Tests.NewTest</td>
<td></td>
<td>8</td>
<td>Tests.NewTest@4879dfad</td></tr>
<tr>
<td title='Tests.NewTest.checkoutDetails()'><b>checkoutDetails</b><br>Test class: Tests.NewTest</td>
<td></td>
<td>1</td>
<td>Tests.NewTest@4879dfad</td></tr>
<tr>
<td title='Tests.NewTest.agreeCheck()'><b>agreeCheck</b><br>Test class: Tests.NewTest</td>
<td></td>
<td>0</td>
<td>Tests.NewTest@4879dfad</td></tr>
<tr>
<td title='Tests.NewTest.cashPayment()'><b>cashPayment</b><br>Test class: Tests.NewTest</td>
<td></td>
<td>0</td>
<td>Tests.NewTest@4879dfad</td></tr>
<tr>
<td title='Tests.NewTest.selectSidesTab()'><b>selectSidesTab</b><br>Test class: Tests.NewTest</td>
<td></td>
<td>1</td>
<td>Tests.NewTest@4879dfad</td></tr>
<tr>
<td title='Tests.NewTest.checkout()'><b>checkout</b><br>Test class: Tests.NewTest</td>
<td></td>
<td>0</td>
<td>Tests.NewTest@4879dfad</td></tr>
<tr>
<td title='Tests.NewTest.onlinePayment()'><b>onlinePayment</b><br>Test class: Tests.NewTest</td>
<td></td>
<td>0</td>
<td>Tests.NewTest@4879dfad</td></tr>
<tr>
<td title='Tests.NewTest.Voucher()'><b>Voucher</b><br>Test class: Tests.NewTest</td>
<td></td>
<td>1</td>
<td>Tests.NewTest@4879dfad</td></tr>
</table><p>
</body>
</html>